¿····°XX···Ù····
·¿¿····°·U···a#····¿¿····°·U···z#····¿¿····°·····ç#··(·¿¿····°·U···†#····¿¿····°·H···†#····¿¿····°·W···†#····¿¿····°·I···°#····¿¿····°·K···°#····¿¿····°·N···°#····¿¿····°K···
°#····¿¿····°·K···¢#··
·¿¿····°N····¢#··&·¿¿····°·N··
¢#··'·i†]·¿¿····°K·
··¢#······¿¿····°·K···¢#·····¿¿····°U@
··™#···E··¿¿····°·U···º,····¿¿····°U@···º,···E¿¿····°@C···¬,···B··ˇˇ¿¿····°@C···¬,···B·2¿¿····°@C···¬,···B·2¿¿····°@C···¬,···B·2¿¿····°@C···¬,···B
Ò·¿¿····°@C···√,···B·»¿¿····°@T···√,···F·¿¿····°@T···√,··F¿¿····°@T···√,··%F¿¿····°@T···√,··!F¿¿····°@C···√,···B···¿¿····°UU
··√,····U·¿¿····°BU
·√,····B·¿¿····°BZ·· ƒ,····BZ
AÙ··¿¿····°C@··!Æ-···B··ˇˇ··¿¿····°BZ··"Ø-····BZ
AÙ··¿¿·e··°C@`·#L3···B········M·a· ·m·a·i·s·o·n····························································¿¿····°@C··$L3···B··ˇˇ¿¿····°BZ··%L3····BZ
AÙ··¿¿·]··°C@X·&:4···B·············································································¿¿····°BZ··':4····BZ
AÙ··¿¿·`··°C@[·(·7···B···········T·o·u·t·e·s· ·l·e·s· ·f·e·n·Í·t·r·e·s································¿¿····°@C··)·7···B··ˇˇ¿¿····°BZ··*·7····BZ
AÙ··¿¿·]··°C@X·+Ò7···B·
···········································································¿¿····°BZ··,Ò7····BZ
AÙ··¿¿·]··°C@X·-‹9···B··········V· ·A·m·i·s························································¿¿·]··°C@X·.ﬁ:···B··········V· ·S·t·e·p·h·e·n··················································¿¿·]··°C@X·/‹;···B··········V· ·E·t·h·a·n······················································¿¿·3··°T@.·0º<···F···········V·e·n·t·i·l·a·t·i·o·n···¿¿·9··°T@4·1æ<···F···········E·n· ·m·o·n· ·a·b·s·e·n·c·e···¿¿·)··°T@$·2ø<···F···········R·È·v·e·i·l···¿¿·1··°T@,·3€‹<···F··········
B·o·n·n·e· ·n·u·i·t···¿¿·?··°T@:·4¬<···F···········C·o·n·f·o·r·t· ·i·n·t·È·r·i·e·u·r···¿¿·A··°T@<·5√<···F···········P·r·o·t·e·c·t·i·o·n· ·s·o·l·a·i·r·e···¿¿·-··°T@(·6≈<···F···········V·a·c·a·n·c·e·s···¿¿·=··°T@8·7∆<···F···········E·c·o·n·o·m·.· ·d·'·È·n·e·r·g·.···¿¿·%··°T@ ·8«<···F···········T·e·s·t···¿¿····°T@
·9»=·· F··¿¿····°T@
·:≥>··ˇF··¿¿····°T@··;°?··"F··········¿¿····°BZ··<¢?····BZ
AÙ··¿¿····°CX··=¢?···
···¿¿····°UU
·>¢?····ˇˇ¿¿····°UZ··?¢?····UZˇ·Ë··¿¿····°UU
·@¢?····ˇ˛¿¿····°ZU··A¢?····ZUˇ·Ë··¿¿····°BZ··B£?····BZ
AÙ··¿¿····°C@··Cé@···B··ˇˇ··¿¿····°BZ··Dé@····BZ
AÙ··¿¿····°C@··ExA···B··ˇˇ··¿¿····°XC··FîB···
····¿¿····°BZ··GîB····BZ
AÙ··¿¿····°C@··HîB··
B····¿¿····°XC··IîB···
····¿¿····°BZ··JïB····BZ
AÙ··¿¿····°C@··KïB··
B····¿¿····°XC··LïB···
····¿¿····°BZ··MïB····BZ
AÙ··¿¿····°C@··NïB··
B····¿¿····°XC··OñB···
····¿¿····°BZ··PñB····BZ
AÙ··¿¿····°C@··QñB··
B····¿¿····°XC··RóB···
····¿¿····°BZ··SóB····BZ
AÙ··¿¿····°C@··TóB··
B····¿¿····°XC··UóB···
····¿¿····°BZ··VòB····BZ
AÙ··¿¿····°C@··WòB··
B····¿¿····°XC··XòB···
····¿¿····°BZ··YòB····BZ
AÙ··¿¿····°C@··ZòB··
B····¿¿····°XC··[ùB···
····¿¿····°BZ··\ûB····BZ
AÙ··¿¿····°C@··]ûB··
B····¿¿····°XC
·^±B··

··¿¿····°BZ··_±B····BZ
AÙ··¿¿····°C@
·`≤B···B··¿¿····°@U
·a≤B····@·¿¿····°UU
·b≤B····˝˛¿¿····°ZU··cºB··ˇ·ZUˇ·ˇˇ·¿¿····°·U··d0M····¿¿····°U@··e0M··ˇE

·¿