2014.09.22 20:43:13.692[D] ---- Start Logging ----
2014.09.22 20:43:15.723[D] Application Language: C
2014.09.22 20:43:21.161[D] LOCAL_CONTROLLER : Constructor 
2014.09.22 20:43:21.161[D] LOCAL_CONTROLLER : entry state WAIT FOR IO PLUG 
2014.09.22 20:43:21.833[D] LOCAL_CONTROLLER : entry state IDLE 
2014.09.22 20:43:21.833[D] MainFrame::ioPlugStartInApplicationMode()
2014.09.22 20:43:22.036[D] MainFrame::checkIoPlugUpdateNeed() - GUI_START_MODE_NORMAL
2014.09.22 20:43:22.145[D] Don't show Explain Page
2014.09.22 20:45:33.709[D] Icon clicked
2014.09.22 20:45:34.725[D] "Other
2W io control" selected
2014.09.22 20:45:39.881[D] Step 2 done
2014.09.22 20:45:39.881[D] LOCAL_CONTROLLER : entry state 2W_SYSTEM_DISCOVERY 
2014.09.22 20:45:39.881[D] LOCAL_CONTROLLER : Discover 2W Controller 
2014.09.22 20:45:39.881[D] LOCAL_CONTROLLER : START TimeOut 
2014.09.22 20:45:44.256[D] LOCAL_CONTROLLER : entry state IDLE 
2014.09.22 20:45:49.256[D] LOCAL_CONTROLLER : entry state 2W_SYSTEM_DISCOVERY 
2014.09.22 20:45:49.256[D] LOCAL_CONTROLLER : Discover 2W Controller 
2014.09.22 20:45:49.256[D] LOCAL_CONTROLLER : START TimeOut 
2014.09.22 20:45:57.803[D] LOCAL_CONTROLLER : One Controller discovered 
2014.09.22 20:45:57.803[D] LOCAL_CONTROLLER : START TimeOut 
2014.09.22 20:45:57.803[D] LOCAL_CONTROLLER : Add 2W Controller 
2014.09.22 20:45:57.803[D] LOCAL_CONTROLLER : STOP TimeOut 
2014.09.22 20:45:57.803[D] LOCAL_CONTROLLER : End of 2W Controller discovery 
2014.09.22 20:45:57.803[D] LOCAL_CONTROLLER : STOP TimeOut 
2014.09.22 20:45:57.803[D] LOCAL_CONTROLLER : Discover 2W EndProduct 
2014.09.22 20:45:57.803[D] LOCAL_CONTROLLER : START TimeOut 
2014.09.22 20:45:57.834[D] Key retrieve succeeded
2014.09.22 20:46:16.100[D] LOCAL_CONTROLLER : One 2W Equipment discovered 
2014.09.22 20:46:16.100[D] LOCAL_CONTROLLER : START TimeOut 
2014.09.22 20:46:16.100[D] LOCAL_CONTROLLER : one 2W EndProduct discovered 
2014.09.22 20:46:16.100[D] LOCAL_CONTROLLER : Emit signal OneEquipmentDiscovered 
2014.09.22 20:46:16.100[D] LOCAL_CONTROLLER : One 2W Equipment discovered 
2014.09.22 20:46:16.100[D] LOCAL_CONTROLLER : START TimeOut 
2014.09.22 20:46:16.100[D] LOCAL_CONTROLLER : one 2W EndProduct discovered 
2014.09.22 20:46:16.100[D] LOCAL_CONTROLLER : Emit signal OneEquipmentDiscovered 
2014.09.22 20:46:16.100[D] LOCAL_CONTROLLER : One 2W Equipment discovered 
2014.09.22 20:46:16.100[D] LOCAL_CONTROLLER : START TimeOut 
2014.09.22 20:46:16.100[D] LOCAL_CONTROLLER : one 2W EndProduct discovered 
2014.09.22 20:46:16.100[D] LOCAL_CONTROLLER : Emit signal OneEquipmentDiscovered 
2014.09.22 20:46:16.100[D] LOCAL_CONTROLLER : One 2W Equipment discovered 
2014.09.22 20:46:16.100[D] LOCAL_CONTROLLER : START TimeOut 
2014.09.22 20:46:16.100[D] LOCAL_CONTROLLER : one 2W EndProduct discovered 
2014.09.22 20:46:16.100[D] LOCAL_CONTROLLER : Emit signal OneEquipmentDiscovered 
2014.09.22 20:46:16.100[D] LOCAL_CONTROLLER : One 2W Equipment discovered 
2014.09.22 20:46:16.100[D] LOCAL_CONTROLLER : START TimeOut 
2014.09.22 20:46:16.100[D] LOCAL_CONTROLLER : one 2W EndProduct discovered 
2014.09.22 20:46:16.100[D] LOCAL_CONTROLLER : Emit signal OneEquipmentDiscovered 
2014.09.22 20:46:16.100[D] LOCAL_CONTROLLER : One 2W Equipment discovered 
2014.09.22 20:46:16.100[D] LOCAL_CONTROLLER : START TimeOut 
2014.09.22 20:46:16.100[D] LOCAL_CONTROLLER : one 2W EndProduct discovered 
2014.09.22 20:46:16.100[D] LOCAL_CONTROLLER : Emit signal OneEquipmentDiscovered 
2014.09.22 20:46:16.100[D] LOCAL_CONTROLLER : One 2W Equipment discovered 
2014.09.22 20:46:16.100[D] LOCAL_CONTROLLER : START TimeOut 
2014.09.22 20:46:16.100[D] LOCAL_CONTROLLER : one 2W EndProduct discovered 
2014.09.22 20:46:16.100[D] LOCAL_CONTROLLER : Emit signal OneEquipmentDiscovered 
2014.09.22 20:46:16.100[D] LOCAL_CONTROLLER : One 2W Equipment discovered 
2014.09.22 20:46:16.100[D] LOCAL_CONTROLLER : START TimeOut 
2014.09.22 20:46:16.100[D] LOCAL_CONTROLLER : one 2W EndProduct discovered 
2014.09.22 20:46:16.100[D] LOCAL_CONTROLLER : Emit signal OneEquipmentDiscovered 
2014.09.22 20:46:16.100[D] LOCAL_CONTROLLER : Add EndProducts discovered 
2014.09.22 20:46:16.100[D] LOCAL_CONTROLLER : STOP TimeOut 
2014.09.22 20:46:16.100[D] LOCAL_CONTROLLER : Discover 2W SensorBox 
2014.09.22 20:46:16.100[D] LOCAL_CONTROLLER : START TimeOut 
2014.09.22 20:46:20.850[D] LOCAL_CONTROLLER : entry state EQUIPMENT_READING 
2014.09.22 20:46:20.850[D] LOCAL_CONTROLLER : STOP TimeOut 
2014.09.22 20:46:20.850[D] LOCAL_CONTROLLER : START TimeOut 
2014.09.22 20:46:21.319[D] LOCAL_CONTROLLER : End Of Reading equipment 
2014.09.22 20:46:21.319[D] LOCAL_CONTROLLER : entry state EQUIPMENT_READING 
2014.09.22 20:46:21.319[D] LOCAL_CONTROLLER : STOP TimeOut 
2014.09.22 20:46:21.319[D] LOCAL_CONTROLLER : START TimeOut 
2014.09.22 20:46:21.553[D] LOCAL_CONTROLLER : End Of Reading equipment 
2014.09.22 20:46:21.553[D] LOCAL_CONTROLLER : entry state EQUIPMENT_READING 
2014.09.22 20:46:21.553[D] LOCAL_CONTROLLER : STOP TimeOut 
2014.09.22 20:46:21.553[D] LOCAL_CONTROLLER : START TimeOut 
2014.09.22 20:46:21.709[D] LOCAL_CONTROLLER : End Of Reading equipment 
2014.09.22 20:46:21.709[D] LOCAL_CONTROLLER : entry state EQUIPMENT_READING 
2014.09.22 20:46:21.709[D] LOCAL_CONTROLLER : STOP TimeOut 
2014.09.22 20:46:21.709[D] LOCAL_CONTROLLER : START TimeOut 
2014.09.22 20:46:21.913[D] LOCAL_CONTROLLER : End Of Reading equipment 
2014.09.22 20:46:21.913[D] LOCAL_CONTROLLER : entry state EQUIPMENT_READING 
2014.09.22 20:46:21.913[D] LOCAL_CONTROLLER : STOP TimeOut 
2014.09.22 20:46:21.913[D] LOCAL_CONTROLLER : START TimeOut 
2014.09.22 20:46:22.131[D] LOCAL_CONTROLLER : End Of Reading equipment 
2014.09.22 20:46:22.131[D] LOCAL_CONTROLLER : entry state EQUIPMENT_READING 
2014.09.22 20:46:22.131[D] LOCAL_CONTROLLER : STOP TimeOut 
2014.09.22 20:46:22.131[D] LOCAL_CONTROLLER : START TimeOut 
2014.09.22 20:46:22.319[D] LOCAL_CONTROLLER : End Of Reading equipment 
2014.09.22 20:46:22.319[D] LOCAL_CONTROLLER : entry state EQUIPMENT_READING 
2014.09.22 20:46:22.319[D] LOCAL_CONTROLLER : STOP TimeOut 
2014.09.22 20:46:22.319[D] LOCAL_CONTROLLER : START TimeOut 
2014.09.22 20:46:22.522[D] LOCAL_CONTROLLER : End Of Reading equipment 
2014.09.22 20:46:22.522[D] LOCAL_CONTROLLER : entry state EQUIPMENT_READING 
2014.09.22 20:46:22.522[D] LOCAL_CONTROLLER : STOP TimeOut 
2014.09.22 20:46:22.522[D] LOCAL_CONTROLLER : START TimeOut 
2014.09.22 20:46:22.725[D] LOCAL_CONTROLLER : End Of Reading equipment 
2014.09.22 20:46:22.725[D] LOCAL_CONTROLLER : End of Equipment discovery 
2014.09.22 20:46:22.725[D] LOCAL_CONTROLLER : STOP TimeOut 
2014.09.22 20:46:22.788[D] LOCAL_CONTROLLER : End of System discovery 
2014.09.22 20:46:22.788[D] LOCAL_CONTROLLER : entry state IDLE 
2014.09.22 20:46:22.788[D] End-Products searching succeeded: 8 found
2014.09.22 20:46:25.022[D] Next clicked - Other 2W
2014.09.22 20:47:29.709[D] Skip 2W clicked
2014.09.22 20:47:36.194[D] Skip 1W clicked
2014.09.22 20:47:36.209[D] LOCAL_CONTROLLER : Discover New Equipment 
2014.09.22 20:47:36.209[D] LOCAL_CONTROLLER : START TimeOut 
2014.09.22 20:47:47.334[D] LOCAL_CONTROLLER : Discover New SensorBox 
2014.09.22 20:47:47.334[D] LOCAL_CONTROLLER : START TimeOut 
2014.09.22 20:47:51.866[D] LOCAL_CONTROLLER : No Equipment discovery 
2014.09.22 20:47:51.866[D] LOCAL_CONTROLLER : STOP TimeOut 
2014.09.22 20:47:51.866[D] LOCAL_CONTROLLER : entry state IDLE 
2014.09.22 20:47:51.897[D] End-Products searching failed
2014.09.22 20:48:13.475[D] Cancel clicked
2014.09.22 20:49:05.241[D] EndProductGuiItem::InstallFirmName() - loc_pIoSomfyActuator NULL pointer - Should not happen
2014.09.22 20:49:05.241[D] EndProductGuiItem::InstallDate() - loc_pIoSomfyActuator pointer NULL - Should not happen
2014.09.22 20:49:05.241[D] EndProductGuiItem::InstallFreeInfo() - loc_pIoSomfyActuator pointer NULL - Should not happen
2014.09.22 20:49:05.241[D] DlgInfo::completeInit - loc_pIoSomfyActuator NULL pointer - Should not happen
2014.09.22 20:50:10.678[D] DlgInfo::SaveInstallationData - loc_pIoSomfyActuator NULL pointer
2014.09.22 20:51:45.100[D] Delete index 6
2014.09.22 20:51:46.834[D] LOCAL_CONTROLLER : entry state IDLE 
2014.09.22 20:52:28.803[D] LOCAL_CONTROLLER : Add A Controller 
2014.09.22 20:52:28.803[D] LOCAL_CONTROLLER : entry state KEY_GIVING_TO_CONTROLLER 
2014.09.22 20:52:30.288[D] LOCAL_CONTROLLER : Cancel Give Key to Controller 
2014.09.22 20:52:30.288[D] LOCAL_CONTROLLER : STOP TimeOut 
2014.09.22 20:52:30.288[D] LOCAL_CONTROLLER : entry state KEY_GIVING_TO_CONTROLLER 
2014.09.22 20:52:30.288[D] Cancel clicked
2014.09.22 20:52:30.350[D] LOCAL_CONTROLLER : Give Key to Controller failed 
2014.09.22 20:52:30.350[D] LOCAL_CONTROLLER : STOP TimeOut 
2014.09.22 20:52:30.350[D] LOCAL_CONTROLLER : entry state IDLE 
2014.09.22 20:52:34.381[D] Icon clicked
2014.09.22 20:52:35.569[D] "Skitter io" selected
2014.09.22 20:52:35.569[D] LOCAL_CONTROLLER : Add A Controller 
2014.09.22 20:52:35.569[D] LOCAL_CONTROLLER : entry state KEY_GIVING_TO_CONTROLLER 
2014.09.22 20:53:00.256[D] LOCAL_CONTROLLER : Cancel Give Key to Controller 
2014.09.22 20:53:00.256[D] LOCAL_CONTROLLER : STOP TimeOut 
2014.09.22 20:53:00.256[D] LOCAL_CONTROLLER : entry state KEY_GIVING_TO_CONTROLLER 
2014.09.22 20:53:00.256[D] Cancel clicked
2014.09.22 20:53:00.350[D] LOCAL_CONTROLLER : Give Key to Controller failed 
2014.09.22 20:53:00.350[D] LOCAL_CONTROLLER : STOP TimeOut 
2014.09.22 20:53:00.350[D] LOCAL_CONTROLLER : entry state IDLE 
2014.09.22 20:56:11.163[D] Cancel clicked
2014.09.22 20:57:16.053[D] LOCAL_CONTROLLER : Destructor 
2014.09.22 20:57:16.084[D] ---- Stop Logging----
